This is pdfTeX, Version 3.141592653-2.6-1.40.25 (MiKTeX 23.5) (preloaded format=pdflatex 2023.5.14)  4 JUL 2023 10:14
entering extended mode
 restricted \write18 enabled.
 file:line:error style messages enabled.
 %&-line parsing enabled.
**d:/TugasAkhir/TA-072-19-0040/Conference-LaTeX-template_10-17-19/conference_101719.tex
(d:/TugasAkhir/TA-072-19-0040/Conference-LaTeX-template_10-17-19/conference_101719.tex
LaTeX2e <2022-11-01> patch level 1
L3 programming layer <2023-05-11> (IEEEtran.cls
Document Class: IEEEtran 2015/08/26 V1.8b by Michael Shell
-- See the "IEEEtran_HOWTO" manual for usage information.
-- http://www.michaelshell.org/tex/ieeetran/
\@IEEEtrantmpdimenA=\dimen140
\@IEEEtrantmpdimenB=\dimen141
\@IEEEtrantmpdimenC=\dimen142
\@IEEEtrantmpcountA=\count185
\@IEEEtrantmpcountB=\count186
\@IEEEtrantmpcountC=\count187
\@IEEEtrantmptoksA=\toks16
LaTeX Font Info:    Trying to load font information for OT1+ptm on input line 503.
(C:\Users\PASU SIAHAAN\AppData\Local\Programs\MiKTeX\tex/latex/psnfss\ot1ptm.fd
File: ot1ptm.fd 2001/06/04 font definitions for OT1/ptm.
)
-- Using 8.5in x 11in (letter) paper.
-- Using PDF output.
\@IEEEnormalsizeunitybaselineskip=\dimen143
-- This is a 10 point document.
\CLASSINFOnormalsizebaselineskip=\dimen144
\CLASSINFOnormalsizeunitybaselineskip=\dimen145
\IEEEnormaljot=\dimen146
LaTeX Font Info:    Font shape `OT1/ptm/bx/n' in size <5> not available
(Font)              Font shape `OT1/ptm/b/n' tried instead on input line 1090.
LaTeX Font Info:    Font shape `OT1/ptm/bx/it' in size <5> not available
(Font)              Font shape `OT1/ptm/b/it' tried instead on input line 1090.
LaTeX Font Info:    Font shape `OT1/ptm/bx/n' in size <7> not available
(Font)              Font shape `OT1/ptm/b/n' tried instead on input line 1090.
LaTeX Font Info:    Font shape `OT1/ptm/bx/it' in size <7> not available
(Font)              Font shape `OT1/ptm/b/it' tried instead on input line 1090.
LaTeX Font Info:    Font shape `OT1/ptm/bx/n' in size <8> not available
(Font)              Font shape `OT1/ptm/b/n' tried instead on input line 1090.
LaTeX Font Info:    Font shape `OT1/ptm/bx/it' in size <8> not available
(Font)              Font shape `OT1/ptm/b/it' tried instead on input line 1090.
LaTeX Font Info:    Font shape `OT1/ptm/bx/n' in size <9> not available
(Font)              Font shape `OT1/ptm/b/n' tried instead on input line 1090.
LaTeX Font Info:    Font shape `OT1/ptm/bx/it' in size <9> not available
(Font)              Font shape `OT1/ptm/b/it' tried instead on input line 1090.
LaTeX Font Info:    Font shape `OT1/ptm/bx/n' in size <10> not available
(Font)              Font shape `OT1/ptm/b/n' tried instead on input line 1090.
LaTeX Font Info:    Font shape `OT1/ptm/bx/it' in size <10> not available
(Font)              Font shape `OT1/ptm/b/it' tried instead on input line 1090.
LaTeX Font Info:    Font shape `OT1/ptm/bx/n' in size <11> not available
(Font)              Font shape `OT1/ptm/b/n' tried instead on input line 1090.
LaTeX Font Info:    Font shape `OT1/ptm/bx/it' in size <11> not available
(Font)              Font shape `OT1/ptm/b/it' tried instead on input line 1090.
LaTeX Font Info:    Font shape `OT1/ptm/bx/n' in size <12> not available
(Font)              Font shape `OT1/ptm/b/n' tried instead on input line 1090.
LaTeX Font Info:    Font shape `OT1/ptm/bx/it' in size <12> not available
(Font)              Font shape `OT1/ptm/b/it' tried instead on input line 1090.
LaTeX Font Info:    Font shape `OT1/ptm/bx/n' in size <17> not available
(Font)              Font shape `OT1/ptm/b/n' tried instead on input line 1090.
LaTeX Font Info:    Font shape `OT1/ptm/bx/it' in size <17> not available
(Font)              Font shape `OT1/ptm/b/it' tried instead on input line 1090.
LaTeX Font Info:    Font shape `OT1/ptm/bx/n' in size <20> not available
(Font)              Font shape `OT1/ptm/b/n' tried instead on input line 1090.
LaTeX Font Info:    Font shape `OT1/ptm/bx/it' in size <20> not available
(Font)              Font shape `OT1/ptm/b/it' tried instead on input line 1090.
LaTeX Font Info:    Font shape `OT1/ptm/bx/n' in size <24> not available
(Font)              Font shape `OT1/ptm/b/n' tried instead on input line 1090.
LaTeX Font Info:    Font shape `OT1/ptm/bx/it' in size <24> not available
(Font)              Font shape `OT1/ptm/b/it' tried instead on input line 1090.
\IEEEquantizedlength=\dimen147
\IEEEquantizedlengthdiff=\dimen148
\IEEEquantizedtextheightdiff=\dimen149
\IEEEilabelindentA=\dimen150
\IEEEilabelindentB=\dimen151
\IEEEilabelindent=\dimen152
\IEEEelabelindent=\dimen153
\IEEEdlabelindent=\dimen154
\IEEElabelindent=\dimen155
\IEEEiednormlabelsep=\dimen156
\IEEEiedmathlabelsep=\dimen157
\IEEEiedtopsep=\skip48
\c@section=\count188
\c@subsection=\count189
\c@subsubsection=\count190
\c@paragraph=\count191
\c@IEEEsubequation=\count192
\abovecaptionskip=\skip49
\belowcaptionskip=\skip50
\c@figure=\count193
\c@table=\count194
\@IEEEeqnnumcols=\count195
\@IEEEeqncolcnt=\count196
\@IEEEsubeqnnumrollback=\count197
\@IEEEquantizeheightA=\dimen158
\@IEEEquantizeheightB=\dimen159
\@IEEEquantizeheightC=\dimen160
\@IEEEquantizeprevdepth=\dimen161
\@IEEEquantizemultiple=\count198
\@IEEEquantizeboxA=\box51
\@IEEEtmpitemindent=\dimen162
\IEEEPARstartletwidth=\dimen163
\c@IEEEbiography=\count199
\@IEEEtranrubishbin=\box52
)
** ATTENTION: Overriding command lockouts (line 2).
(C:\Users\PASU SIAHAAN\AppData\Local\Programs\MiKTeX\tex/latex/cite\cite.sty
LaTeX Info: Redefining \cite on input line 302.
LaTeX Info: Redefining \nocite on input line 332.
Package: cite 2015/02/27  v 5.5
) (C:\Users\PASU SIAHAAN\AppData\Local\Programs\MiKTeX\tex/latex/amsmath\amsmath.sty
Package: amsmath 2022/04/08 v2.17n AMS math features
\@mathmargin=\skip51

For additional information on amsmath, use the `?' option.
(C:\Users\PASU SIAHAAN\AppData\Local\Programs\MiKTeX\tex/latex/amsmath\amstext.sty
Package: amstext 2021/08/26 v2.01 AMS text
 (C:\Users\PASU SIAHAAN\AppData\Local\Programs\MiKTeX\tex/latex/amsmath\amsgen.sty
File: amsgen.sty 1999/11/30 v2.0 generic functions
\@emptytoks=\toks17
\ex@=\dimen164
)) (C:\Users\PASU SIAHAAN\AppData\Local\Programs\MiKTeX\tex/latex/amsmath\amsbsy.sty
Package: amsbsy 1999/11/29 v1.2d Bold Symbols
\pmbraise@=\dimen165
) (C:\Users\PASU SIAHAAN\AppData\Local\Programs\MiKTeX\tex/latex/amsmath\amsopn.sty
Package: amsopn 2022/04/08 v2.04 operator names
)
\inf@bad=\count266
LaTeX Info: Redefining \frac on input line 234.
\uproot@=\count267
\leftroot@=\count268
LaTeX Info: Redefining \overline on input line 399.
LaTeX Info: Redefining \colon on input line 410.
\classnum@=\count269
\DOTSCASE@=\count270
LaTeX Info: Redefining \ldots on input line 496.
LaTeX Info: Redefining \dots on input line 499.
LaTeX Info: Redefining \cdots on input line 620.
\Mathstrutbox@=\box53
\strutbox@=\box54
LaTeX Info: Redefining \big on input line 722.
LaTeX Info: Redefining \Big on input line 723.
LaTeX Info: Redefining \bigg on input line 724.
LaTeX Info: Redefining \Bigg on input line 725.
\big@size=\dimen166
LaTeX Font Info:    Redeclaring font encoding OML on input line 743.
LaTeX Font Info:    Redeclaring font encoding OMS on input line 744.
\macc@depth=\count271
LaTeX Info: Redefining \bmod on input line 905.
LaTeX Info: Redefining \pmod on input line 910.
LaTeX Info: Redefining \smash on input line 940.
LaTeX Info: Redefining \relbar on input line 970.
LaTeX Info: Redefining \Relbar on input line 971.
\c@MaxMatrixCols=\count272
\dotsspace@=\muskip16
\c@parentequation=\count273
\dspbrk@lvl=\count274
\tag@help=\toks18
\row@=\count275
\column@=\count276
\maxfields@=\count277
\andhelp@=\toks19
\eqnshift@=\dimen167
\alignsep@=\dimen168
\tagshift@=\dimen169
\tagwidth@=\dimen170
\totwidth@=\dimen171
\lineht@=\dimen172
\@envbody=\toks20
\multlinegap=\skip52
\multlinetaggap=\skip53
\mathdisplay@stack=\toks21
LaTeX Info: Redefining \[ on input line 2953.
LaTeX Info: Redefining \] on input line 2954.
) (C:\Users\PASU SIAHAAN\AppData\Local\Programs\MiKTeX\tex/latex/amsfonts\amssymb.sty
Package: amssymb 2013/01/14 v3.01 AMS font symbols
 (C:\Users\PASU SIAHAAN\AppData\Local\Programs\MiKTeX\tex/latex/amsfonts\amsfonts.sty
Package: amsfonts 2013/01/14 v3.01 Basic AMSFonts support
\symAMSa=\mathgroup4
\symAMSb=\mathgroup5
LaTeX Font Info:    Redeclaring math symbol \hbar on input line 98.
LaTeX Font Info:    Overwriting math alphabet `\mathfrak' in version `bold'
(Font)                  U/euf/m/n --> U/euf/b/n on input line 106.
)) (C:\Users\PASU SIAHAAN\AppData\Local\Programs\MiKTeX\tex/latex/algorithms\algorithmic.sty
Package: algorithmic 2009/08/24 v0.1 Document Style `algorithmic'
 (C:\Users\PASU SIAHAAN\AppData\Local\Programs\MiKTeX\tex/latex/base\ifthen.sty
Package: ifthen 2022/04/13 v1.1d Standard LaTeX ifthen package (DPC)
) (C:\Users\PASU SIAHAAN\AppData\Local\Programs\MiKTeX\tex/latex/graphics\keyval.sty
Package: keyval 2022/05/29 v1.15 key=value parser (DPC)
\KV@toks@=\toks22
)
\c@ALC@unique=\count278
\c@ALC@line=\count279
\c@ALC@rem=\count280
\c@ALC@depth=\count281
\ALC@tlm=\skip54
\algorithmicindent=\skip55
) (C:\Users\PASU SIAHAAN\AppData\Local\Programs\MiKTeX\tex/latex/graphics\graphicx.sty
Package: graphicx 2021/09/16 v1.2d Enhanced LaTeX Graphics (DPC,SPQR)
 (C:\Users\PASU SIAHAAN\AppData\Local\Programs\MiKTeX\tex/latex/graphics\graphics.sty
Package: graphics 2022/03/10 v1.4e Standard LaTeX Graphics (DPC,SPQR)
 (C:\Users\PASU SIAHAAN\AppData\Local\Programs\MiKTeX\tex/latex/graphics\trig.sty
Package: trig 2021/08/11 v1.11 sin cos tan (DPC)
) (C:\Users\PASU SIAHAAN\AppData\Local\Programs\MiKTeX\tex/latex/graphics-cfg\graphics.cfg
File: graphics.cfg 2016/06/04 v1.11 sample graphics configuration
)
Package graphics Info: Driver file: pdftex.def on input line 107.
 (C:\Users\PASU SIAHAAN\AppData\Local\Programs\MiKTeX\tex/latex/graphics-def\pdftex.def
File: pdftex.def 2022/09/22 v1.2b Graphics/color driver for pdftex
))
\Gin@req@height=\dimen173
\Gin@req@width=\dimen174
) (C:\Users\PASU SIAHAAN\AppData\Local\Programs\MiKTeX\tex/latex/base\textcomp.sty
Package: textcomp 2020/02/02 v2.0n Standard LaTeX package
) (C:\Users\PASU SIAHAAN\AppData\Local\Programs\MiKTeX\tex/latex/booktabs\booktabs.sty
Package: booktabs 2020/01/12 v1.61803398 Publication quality tables
\heavyrulewidth=\dimen175
\lightrulewidth=\dimen176
\cmidrulewidth=\dimen177
\belowrulesep=\dimen178
\belowbottomsep=\dimen179
\aboverulesep=\dimen180
\abovetopsep=\dimen181
\cmidrulesep=\dimen182
\cmidrulekern=\dimen183
\defaultaddspace=\dimen184
\@cmidla=\count282
\@cmidlb=\count283
\@aboverulesep=\dimen185
\@belowrulesep=\dimen186
\@thisruleclass=\count284
\@lastruleclass=\count285
\@thisrulewidth=\dimen187
) (C:\Users\PASU SIAHAAN\AppData\Local\Programs\MiKTeX\tex/latex/xcolor\xcolor.sty
Package: xcolor 2022/06/12 v2.14 LaTeX color extensions (UK)
 (C:\Users\PASU SIAHAAN\AppData\Local\Programs\MiKTeX\tex/latex/graphics-cfg\color.cfg
File: color.cfg 2016/01/02 v1.6 sample color configuration
)
Package xcolor Info: Driver file: pdftex.def on input line 227.
 (C:\Users\PASU SIAHAAN\AppData\Local\Programs\MiKTeX\tex/latex/colortbl\colortbl.sty
Package: colortbl 2022/06/20 v1.0f Color table columns (DPC)
 (C:\Users\PASU SIAHAAN\AppData\Local\Programs\MiKTeX\tex/latex/tools\array.sty
Package: array 2022/09/04 v2.5g Tabular extension package (FMi)
\col@sep=\dimen188
\ar@mcellbox=\box55
\extrarowheight=\dimen189
\NC@list=\toks23
\extratabsurround=\skip56
\backup@length=\skip57
\ar@cellbox=\box56
)
\everycr=\toks24
\minrowclearance=\skip58
\rownum=\count286
) (C:\Users\PASU SIAHAAN\AppData\Local\Programs\MiKTeX\tex/latex/graphics\mathcolor.ltx)
Package xcolor Info: Model `cmy' substituted by `cmy0' on input line 1353.
Package xcolor Info: Model `hsb' substituted by `rgb' on input line 1357.
Package xcolor Info: Model `RGB' extended on input line 1369.
Package xcolor Info: Model `HTML' substituted by `rgb' on input line 1371.
Package xcolor Info: Model `Hsb' substituted by `hsb' on input line 1372.
Package xcolor Info: Model `tHsb' substituted by `hsb' on input line 1373.
Package xcolor Info: Model `HSB' substituted by `hsb' on input line 1374.
Package xcolor Info: Model `Gray' substituted by `gray' on input line 1375.
Package xcolor Info: Model `wave' substituted by `hsb' on input line 1376.
) (C:\Users\PASU SIAHAAN\AppData\Local\Programs\MiKTeX\tex/latex/tools\longtable.sty
Package: longtable 2021-09-01 v4.17 Multi-page Table package (DPC)
\LTleft=\skip59
\LTright=\skip60
\LTpre=\skip61
\LTpost=\skip62
\LTchunksize=\count287
\LTcapwidth=\dimen190
\LT@head=\box57
\LT@firsthead=\box58
\LT@foot=\box59
\LT@lastfoot=\box60
\LT@gbox=\box61
\LT@cols=\count288
\LT@rows=\count289
\c@LT@tables=\count290
\c@LT@chunks=\count291
\LT@p@ftn=\toks25
) (C:\Users\PASU SIAHAAN\AppData\Local\Programs\MiKTeX\tex/latex/tools\multicol.sty
Package: multicol 2021/11/30 v1.9d multicolumn formatting (FMi)
\c@tracingmulticols=\count292
\mult@box=\box62
\multicol@leftmargin=\dimen191
\c@unbalance=\count293
\c@collectmore=\count294
\doublecol@number=\count295
\multicoltolerance=\count296
\multicolpretolerance=\count297
\full@width=\dimen192
\page@free=\dimen193
\premulticols=\dimen194
\postmulticols=\dimen195
\multicolsep=\skip63
\multicolbaselineskip=\skip64
\partial@page=\box63
\last@line=\box64
\maxbalancingoverflow=\dimen196
\mult@rightbox=\box65
\mult@grightbox=\box66
\mult@firstbox=\box67
\mult@gfirstbox=\box68
\@tempa=\box69
\@tempa=\box70
\@tempa=\box71
\@tempa=\box72
\@tempa=\box73
\@tempa=\box74
\@tempa=\box75
\@tempa=\box76
\@tempa=\box77
\@tempa=\box78
\@tempa=\box79
\@tempa=\box80
\@tempa=\box81
\@tempa=\box82
\@tempa=\box83
\@tempa=\box84
\@tempa=\box85
\@tempa=\box86
\@tempa=\box87
\@tempa=\box88
\@tempa=\box89
\@tempa=\box90
\@tempa=\box91
\@tempa=\box92
\@tempa=\box93
\@tempa=\box94
\@tempa=\box95
\@tempa=\box96
\@tempa=\box97
\@tempa=\box98
\@tempa=\box99
\@tempa=\box100
\@tempa=\box101
\@tempa=\box102
\@tempa=\box103
\@tempa=\box104
\c@minrows=\count298
\c@columnbadness=\count299
\c@finalcolumnbadness=\count300
\last@try=\dimen197
\multicolovershoot=\dimen198
\multicolundershoot=\dimen199
\mult@nat@firstbox=\box105
\colbreak@box=\box106
\mc@col@check@num=\count301
) (C:\Users\PASU SIAHAAN\AppData\Local\Programs\MiKTeX\tex/latex/multirow\multirow.sty
Package: multirow 2021/03/15 v2.8 Span multiple rows of a table
\multirow@colwidth=\skip65
\multirow@cntb=\count302
\multirow@dima=\skip66
\bigstrutjot=\dimen256
) (C:\Users\PASU SIAHAAN\AppData\Local\Programs\MiKTeX\tex/latex/l3backend\l3backend-pdftex.def
File: l3backend-pdftex.def 2023-04-19 L3 backend support: PDF output (pdfTeX)
\l__color_backend_stack_int=\count303
\l__pdf_internal_box=\box107
) (conference_101719.aux)
\openout1 = `conference_101719.aux'.

LaTeX Font Info:    Checking defaults for OML/cmm/m/it on input line 17.
LaTeX Font Info:    ... okay on input line 17.
LaTeX Font Info:    Checking defaults for OMS/cmsy/m/n on input line 17.
LaTeX Font Info:    ... okay on input line 17.
LaTeX Font Info:    Checking defaults for OT1/cmr/m/n on input line 17.
LaTeX Font Info:    ... okay on input line 17.
LaTeX Font Info:    Checking defaults for T1/cmr/m/n on input line 17.
LaTeX Font Info:    ... okay on input line 17.
LaTeX Font Info:    Checking defaults for TS1/cmr/m/n on input line 17.
LaTeX Font Info:    ... okay on input line 17.
LaTeX Font Info:    Checking defaults for OMX/cmex/m/n on input line 17.
LaTeX Font Info:    ... okay on input line 17.
LaTeX Font Info:    Checking defaults for U/cmr/m/n on input line 17.
LaTeX Font Info:    ... okay on input line 17.

-- Lines per column: 56 (exact).
(C:\Users\PASU SIAHAAN\AppData\Local\Programs\MiKTeX\tex/context/base/mkii\supp-pdf.mkii
[Loading MPS to PDF converter (version 2006.09.02).]
\scratchcounter=\count304
\scratchdimen=\dimen257
\scratchbox=\box108
\nofMPsegments=\count305
\nofMParguments=\count306
\everyMPshowfont=\toks26
\MPscratchCnt=\count307
\MPscratchDim=\dimen258
\MPnumerator=\count308
\makeMPintoPDFobject=\count309
\everyMPtoPDFconversion=\toks27
) (C:\Users\PASU SIAHAAN\AppData\Local\Programs\MiKTeX\tex/latex/epstopdf-pkg\epstopdf-base.sty
Package: epstopdf-base 2020-01-24 v2.11 Base part for package epstopdf
Package epstopdf-base Info: Redefining graphics rule for `.eps' on input line 485.
 (C:\Users\PASU SIAHAAN\AppData\Local\Programs\MiKTeX\tex/latex/00miktex\epstopdf-sys.cfg
File: epstopdf-sys.cfg 2021/03/18 v2.0 Configuration of epstopdf for MiKTeX
))
LaTeX Font Info:    Trying to load font information for U+msa on input line 65.
 (C:\Users\PASU SIAHAAN\AppData\Local\Programs\MiKTeX\tex/latex/amsfonts\umsa.fd
File: umsa.fd 2013/01/14 v3.01 AMS symbols A
)
LaTeX Font Info:    Trying to load font information for U+msb on input line 65.
 (C:\Users\PASU SIAHAAN\AppData\Local\Programs\MiKTeX\tex/latex/amsfonts\umsb.fd
File: umsb.fd 2013/01/14 v3.01 AMS symbols B
)
LaTeX Font Info:    Calculating math sizes for size <11> on input line 65.

Underfull \vbox (badness 1571) has occurred while \output is active []


Underfull \hbox (badness 2050) in paragraph at lines 98--104
\OT1/ptm/m/n/10 per-mukaan, data men-ta-han GPR perlu diproses ter-lebih
 []

[1{C:/Users/PASU SIAHAAN/AppData/Local/MiKTeX/fonts/map/pdftex/pdftex.map}{C:/Users/PASU SIAHAAN/AppData/Local/Programs/MiKTeX/fonts/enc/dvips/base/8r.enc}


] [2]
<gambar/metodologi.png, id=12, 603.25375pt x 81.30376pt>
File: gambar/metodologi.png Graphic file (type png)
<use gambar/metodologi.png>
Package pdftex.def Info: gambar/metodologi.png  used on input line 156.
(pdftex.def)             Requested size: 211.14197pt x 28.45673pt.
<gambar/alur pengumpulan data.png, id=14, 683.55376pt x 241.90375pt>
File: gambar/alur pengumpulan data.png Graphic file (type png)
<use gambar/alur pengumpulan data.png>
Package pdftex.def Info: gambar/alur pengumpulan data.png  used on input line 168.
(pdftex.def)             Requested size: 239.24739pt x 84.66757pt.

Underfull \hbox (badness 10000) in paragraph at lines 173--176
[]\OT1/ptm/m/n/10 Simulasi meng-gu-nakan gprMax un-tuk meng-hasilkan
 []


Underfull \hbox (badness 10000) in paragraph at lines 173--176

 []

<gambar/inputGprMax.png, id=15, 325.215pt x 228.10219pt>
File: gambar/inputGprMax.png Graphic file (type png)
<use gambar/inputGprMax.png>
Package pdftex.def Info: gambar/inputGprMax.png  used on input line 203.
(pdftex.def)             Requested size: 195.1305pt x 136.86235pt.
<gambar/data1.jpg, id=16, 513.92pt x 256.96pt>
File: gambar/data1.jpg Graphic file (type jpg)
<use gambar/data1.jpg>
Package pdftex.def Info: gambar/data1.jpg  used on input line 220.
(pdftex.def)             Requested size: 256.95937pt x 128.47968pt.

Overfull \hbox (4.95937pt too wide) in paragraph at lines 220--221
 [][] 
 []

<gambar/Arsitektur GAN.png, id=17, 482.80376pt x 482.80376pt>
File: gambar/Arsitektur GAN.png Graphic file (type png)
<use gambar/Arsitektur GAN.png>
Package pdftex.def Info: gambar/Arsitektur GAN.png  used on input line 233.
(pdftex.def)             Requested size: 217.25967pt x 217.25967pt.
[3 <./gambar/metodologi.png> <./gambar/alur pengumpulan data.png> <./gambar/inputGprMax.png> <./gambar/data1.jpg>]
<gambar/Generator.png, id=23, 1536.74126pt x 352.31625pt>
File: gambar/Generator.png Graphic file (type png)
<use gambar/Generator.png>
Package pdftex.def Info: gambar/Generator.png  used on input line 249.
(pdftex.def)             Requested size: 230.50124pt x 52.84515pt.
<gambar/Discriminator.png, id=24, 524.96124pt x 422.57875pt>
File: gambar/Discriminator.png Graphic file (type png)
<use gambar/Discriminator.png>
Package pdftex.def Info: gambar/Discriminator.png  used on input line 261.
(pdftex.def)             Requested size: 157.48958pt x 126.7746pt.
<gambar/Training_model.png, id=25, 313.17pt x 794.97pt>
File: gambar/Training_model.png Graphic file (type png)
<use gambar/Training_model.png>
Package pdftex.def Info: gambar/Training_model.png  used on input line 292.
(pdftex.def)             Requested size: 156.58461pt x 397.48402pt.
 [4 <./gambar/Arsitektur GAN.png> <./gambar/Generator.png> <./gambar/Discriminator.png>]
Underfull \hbox (badness 5161) in paragraph at lines 348--351
[]\OT1/ptm/m/n/10 Pada kat-e-gori vari-asi ob-jek berben-tuk reg-u-lar, data
 []

<gambar/variasi reguler.png, id=36, 1041.8925pt x 252.945pt>
File: gambar/variasi reguler.png Graphic file (type png)
<use gambar/variasi reguler.png>
Package pdftex.def Info: gambar/variasi reguler.png  used on input line 354.
(pdftex.def)             Requested size: 208.3748pt x 50.5881pt.
[5 <./gambar/Training_model.png> <./gambar/variasi reguler.png>]
<gambar/variasi kompleksitas.png, id=41, 1034.06325pt x 249.93375pt>
File: gambar/variasi kompleksitas.png Graphic file (type png)
<use gambar/variasi kompleksitas.png>
Package pdftex.def Info: gambar/variasi kompleksitas.png  used on input line 366.
(pdftex.def)             Requested size: 206.80898pt x 49.98586pt.
<gambar/variasi ukuran.png, id=42, 1040.688pt x 252.945pt>
File: gambar/variasi ukuran.png Graphic file (type png)
<use gambar/variasi ukuran.png>
Package pdftex.def Info: gambar/variasi ukuran.png  used on input line 378.
(pdftex.def)             Requested size: 208.13391pt x 50.5881pt.
<gambar/variasi kedalaman.png, id=43, 1035.87pt x 248.127pt>
File: gambar/variasi kedalaman.png Graphic file (type png)
<use gambar/variasi kedalaman.png>
Package pdftex.def Info: gambar/variasi kedalaman.png  used on input line 390.
(pdftex.def)             Requested size: 207.17032pt x 49.62451pt.
<gambar/Disc_loss.png, id=44, 532.99126pt x 360.1455pt>
File: gambar/Disc_loss.png Graphic file (type png)
<use gambar/Disc_loss.png>
Package pdftex.def Info: gambar/Disc_loss.png  used on input line 404.
(pdftex.def)             Requested size: 213.19272pt x 144.05563pt.
<gambar/Gen_total_loss.png, id=45, 534.798pt x 360.1455pt>
File: gambar/Gen_total_loss.png Graphic file (type png)
<use gambar/Gen_total_loss.png>
Package pdftex.def Info: gambar/Gen_total_loss.png  used on input line 415.
(pdftex.def)             Requested size: 213.9154pt x 144.05563pt.

Underfull \hbox (badness 1596) in paragraph at lines 431--437
[]\OT1/ptm/m/n/10 Data peneli-tian meng-gu-nakan 200 data hasil sim-u-lasi
 []

[6 <./gambar/variasi kompleksitas.png> <./gambar/variasi ukuran.png> <./gambar/variasi kedalaman.png> <./gambar/Disc_loss.png> <./gambar/Gen_total_loss.png>]

LaTeX Warning: No positions in optional float specifier.
               Default added (so using `tbp') on input line 438.


Overfull \hbox (3.31943pt too wide) in paragraph at lines 441--486
[][] 
 []

<gambar/diffMapLingkaran.jpg, id=49, 850.6179pt x 859.2903pt>
File: gambar/diffMapLingkaran.jpg Graphic file (type jpg)
<use gambar/diffMapLingkaran.jpg>
Package pdftex.def Info: gambar/diffMapLingkaran.jpg  used on input line 499.
(pdftex.def)             Requested size: 127.58717pt x 128.88797pt.
<gambar/diffMapSegi4.jpg, id=50, 859.2903pt x 865.0719pt>
File: gambar/diffMapSegi4.jpg Graphic file (type jpg)
<use gambar/diffMapSegi4.jpg>
Package pdftex.def Info: gambar/diffMapSegi4.jpg  used on input line 511.
(pdftex.def)             Requested size: 128.88797pt x 129.75519pt.
[7 <./gambar/diffMapLingkaran.jpg> <./gambar/diffMapSegi4.jpg>]
<gambar/diffMapSederhana.jpg, id=55, 841.9455pt x 859.2903pt>
File: gambar/diffMapSederhana.jpg Graphic file (type jpg)
<use gambar/diffMapSederhana.jpg>
Package pdftex.def Info: gambar/diffMapSederhana.jpg  used on input line 528.
(pdftex.def)             Requested size: 126.28636pt x 128.88797pt.
<gambar/diffMapKompleks.jpg, id=56, 856.3995pt x 867.9627pt>
File: gambar/diffMapKompleks.jpg Graphic file (type jpg)
<use gambar/diffMapKompleks.jpg>
Package pdftex.def Info: gambar/diffMapKompleks.jpg  used on input line 540.
(pdftex.def)             Requested size: 128.45438pt x 130.18878pt.
<gambar/diffMapKecil.jpg, id=57, 850.6179pt x 867.9627pt>
File: gambar/diffMapKecil.jpg Graphic file (type jpg)
<use gambar/diffMapKecil.jpg>
Package pdftex.def Info: gambar/diffMapKecil.jpg  used on input line 556.
(pdftex.def)             Requested size: 127.58717pt x 130.18878pt.
<gambar/diffMapBesar.jpg, id=58, 856.3995pt x 867.9627pt>
File: gambar/diffMapBesar.jpg Graphic file (type jpg)
<use gambar/diffMapBesar.jpg>
Package pdftex.def Info: gambar/diffMapBesar.jpg  used on input line 568.
(pdftex.def)             Requested size: 128.45438pt x 130.18878pt.

Underfull \hbox (badness 10000) in paragraph at lines 573--577

 []

<gambar/diffMapDangkal.jpg, id=59, 859.2903pt x 870.8535pt>
File: gambar/diffMapDangkal.jpg Graphic file (type jpg)
<use gambar/diffMapDangkal.jpg>
Package pdftex.def Info: gambar/diffMapDangkal.jpg  used on input line 584.
(pdftex.def)             Requested size: 128.88797pt x 130.62238pt.
[8 <./gambar/diffMapSederhana.jpg> <./gambar/diffMapKompleks.jpg> <./gambar/diffMapKecil.jpg> <./gambar/diffMapBesar.jpg>]
<gambar/diffMapDalam.jpg, id=63, 853.5087pt x 867.9627pt>
File: gambar/diffMapDalam.jpg Graphic file (type jpg)
<use gambar/diffMapDalam.jpg>
Package pdftex.def Info: gambar/diffMapDalam.jpg  used on input line 596.
(pdftex.def)             Requested size: 128.02078pt x 130.18878pt.

Underfull \hbox (badness 2735) in paragraph at lines 622--625
[]\OT1/ptm/m/n/10 Hasil peneli-tian dari peng-gu-naan model GAN un-tuk
 []

[9 <./gambar/diffMapDangkal.jpg> <./gambar/diffMapDalam.jpg>]

LaTeX Warning: Citation `b4' on page 10 undefined on input line 653.


LaTeX Warning: Citation `b5' on page 10 undefined on input line 654.


LaTeX Warning: Citation `b6' on page 10 undefined on input line 659.


Underfull \hbox (badness 3919) in paragraph at lines 669--670
[]\OT1/ptm/m/n/8 Kruk, J., Liu, T., Mozaf-fari, A., Guet-ing, N., Klotzsche, A.,
 []


** Conference Paper **
Before submitting the final camera ready copy, remember to:

 1. Manually equalize the lengths of two columns on the last page
 of your paper;

 2. Ensure that any PostScript and/or PDF output post-processing
 uses only Type 1 fonts and that every step in the generation
 process uses the appropriate paper size.

[10] (conference_101719.aux)

LaTeX Warning: There were undefined references.

 ) 
Here is how much of TeX's memory you used:
 5006 strings out of 476360
 83521 string characters out of 5784685
 1936993 words of memory out of 5000000
 25332 multiletter control sequences out of 15000+600000
 556396 words of font info for 120 fonts, out of 8000000 for 9000
 1141 hyphenation exceptions out of 8191
 57i,11n,62p,508b,304s stack positions out of 10000i,1000n,20000p,200000b,200000s
<C:/Users/PASU SIAHAAN/AppData/Local/Programs/MiKTeX/fonts/type1/public/amsfonts/cm/cmmi10.pfb><C:/Users/PASU SIAHAAN/AppData/Local/Programs/MiKTeX/fonts/type1/public/amsfonts/cm/cmr10.pfb><C:/Users/PASU SIAHAAN/AppData/Local/Programs/MiKTeX/fonts/type1/public/amsfonts/cm/cmr7.pfb><C:/Users/PASU SIAHAAN/AppData/Local/Programs/MiKTeX/fonts/type1/public/amsfonts/cm/cmsy10.pfb><C:/Users/PASU SIAHAAN/AppData/Local/Programs/MiKTeX/fonts/type1/urw/times/utmb8a.pfb><C:/Users/PASU SIAHAAN/AppData/Local/Programs/MiKTeX/fonts/type1/urw/times/utmbi8a.pfb><C:/Users/PASU SIAHAAN/AppData/Local/Programs/MiKTeX/fonts/type1/urw/times/utmr8a.pfb><C:/Users/PASU SIAHAAN/AppData/Local/Programs/MiKTeX/fonts/type1/urw/times/utmri8a.pfb>
Output written on conference_101719.pdf (10 pages, 2291736 bytes).
PDF statistics:
 105 PDF objects out of 1000 (max. 8388607)
 0 named destinations out of 1000 (max. 500000)
 111 words of extra memory for PDF output out of 10000 (max. 10000000)

